<?xml version="1.0" encoding="UTF-8"?>
<testsuite xmlns:xsi="http://www.w3.org/2001/XMLSchema-instance" xsi:noNamespaceSchemaLocation="https://maven.apache.org/surefire/maven-surefire-plugin/xsd/surefire-test-report.xsd" version="3.0.2" name="com.company.redis.CacheServiceTest" time="0.034" tests="2" errors="0" skipped="0" failures="0">
  <properties>
[...]
</properties>
  <testcase name="testDegradedWriteAndRead" classname="com.company.redis.CacheServiceTest" time="0.01">
    <system-out><![CDATA[2026-09-22 16:56:27,414 WARN  [com.com.red.inf.RedisPoolManager] (main) Redis call failed: Connection refused: localhost/127.0.0.1:1. consecutiveDelays=2
2026-09-22 16:56:27,415 WARN  [com.com.red.ser.CacheService] (main) Fallback activado para set(key=user:101): degradando a memoria local
]]></system-out>
  </testcase>
  <testcase name="testClearLocalCache" classname="com.company.redis.CacheServiceTest" time="0.016">
    <system-out><![CDATA[2026-09-22 16:56:27,429 WARN  [com.com.red.inf.RedisPoolManager] (main) Redis call failed: Connection refused: localhost/127.0.0.1:1. consecutiveDelays=3
2026-09-22 16:56:27,436 WARN  [com.com.red.ser.CacheService] (main) Fallback activado para set(key=temp:key): degradando a memoria local
]]></system-out>
  </testcase>
</testsuite>